Arguments: 
  /Users/a.vender/.nvm/versions/node/v20.10.0/bin/node /usr/local/Cellar/yarn/1.22.4/libexec/bin/yarn.js install

PATH: 
  /Users/a.vender/.nvm/versions/node/v20.10.0/bin:/opt/local/bin:/opt/local/sbin:/usr/local/bin:/usr/bin:/bin:/usr/sbin:/sbin:/opt/X11/bin:/Library/Apple/usr/bin:/Users/a.vender/.cargo/bin

Yarn version: 
  1.22.4

Node version: 
  20.10.0

Platform: 
  darwin x64

Trace: 
  SyntaxError: /Users/a.vender/Documents/projects/uikit/package.json: Expected double-quoted property name in JSON at position 1184
      at JSON.parse (<anonymous>)
      at /usr/local/Cellar/yarn/1.22.4/libexec/lib/cli.js:1625:59
      at Generator.next (<anonymous>)
      at step (/usr/local/Cellar/yarn/1.22.4/libexec/lib/cli.js:310:30)
      at /usr/local/Cellar/yarn/1.22.4/libexec/lib/cli.js:321:13

npm manifest: 
  {
    "name": "uikit",
    "version": "1.0.0",
    "description": "Uikit project",
    "main": "dist/App.js",
    "scripts": {
      "test-storybook": "storyshots",
      "storybook": "storybook dev -p 6006",
      "build-storybook": "storybook build",
      "test:json": "jest --json --outputFile=jest-test-results.json"
    },
    "repository": {
      "type": "git",
      "url": "https://github.com/modclub-app/uikit.git"
    },
    "keywords": [],
    "dependencies": {
      "react": "^18.2.0",
      "react-dom": "^18.2.0"
    },
    "devDependencies": {
      "@storybook/addon-essentials": "^7.6.16",
      "@storybook/addon-interactions": "^7.6.16",
      "@storybook/addon-jest": "^7.6.16",
      "@storybook/addon-links": "^7.6.16",
      "@storybook/addon-onboarding": "^1.0.11",
      "@storybook/blocks": "^7.6.16",
      "@storybook/react": "^7.6.16",
      "@storybook/react-webpack5": "^7.6.16",
      "@storybook/test": "^7.6.16",
      "@types/jest": "^29.5.12",
      "@types/react": "^18.2.55",
      "@types/react-dom": "^18.2.19",
      "css-loader": "^6.10.0",
      "jest": "^29.7.0",
      "storybook": "^7.6.16",
      "style-loader": "^3.3.4",
      "ts-jest": "^29.1.2",
      "ts-loader": "^9.5.1",
      "typescript": "^5.3.3",
    }
  }

yarn manifest: 
  No manifest

Lockfile: 
  No lockfile
